#
# A fatal error has been detected by the Java Runtime Environment:
#
#  EXCEPTION_ACCESS_VIOLATION (0xc0000005) at pc=0x0000000071c5d649, pid=4204, tid=1080
#
# JRE version: Java(TM) SE Runtime Environment (8.0_71-b15) (build 1.8.0_71-b15)
# Java VM: Java HotSpot(TM) 64-Bit Server VM (25.71-b15 mixed mode windows-amd64 compressed oops)
# Problematic frame:
# C  [atio6axx.dll+0x174d649]
#
# Failed to write core dump. Minidumps are not enabled by default on client versions of Windows
#
# If you would like to submit a bug report, please visit:
#   http://bugreport.java.com/bugreport/crash.jsp
# The crash happened outside the Java Virtual Machine in native code.
# See problematic frame for where to report the bug.
#

---------------  T H R E A D  ---------------

Current thread (0x000000000228e000):  JavaThread "main" [_thread_in_native, id=1080, stack(0x0000000002110000,0x0000000002210000)]

siginfo: ExceptionCode=0xc0000005, reading address 0x00000000259374a0

Registers:
RAX=0x0000000071c5d649, RBX=0x00000000259374a0, RCX=0x0000000021a3b400, RDX=0x00000000259374a0
RSP=0x000000000220e408, RBP=0x0000000000006300, RSI=0x0000000021a3b400, RDI=0x0000000000000010
R8 =0x0000000000000010, R9 =0x0000000070510000, R10=0x0000000021a3b400, R11=0x0000000021a3b400
R12=0x000000000000000f, R13=0x0000000000000000, R14=0x0000000000000408, R15=0x000000000220e608
RIP=0x0000000071c5d649, EFLAGS=0x0000000000010202

Top of Stack: (sp=0x000000000220e408)
0x000000000220e408:   00000000712555e5 0000000000000000
0x000000000220e418:   0000000000000000 000000000220e608
0x000000000220e428:   0000000000000008 0000000019c5e1b0
0x000000000220e438:   00000000710f65f5 0000000000006300
0x000000000220e448:   0000000000006300 0000000000000001
0x000000000220e458:   0000000000000000 000000000220e511
0x000000000220e468:   00000000710fce52 0000000000000002
0x000000000220e478:   0000000000000003 0000000000000000
0x000000000220e488:   0000000019889930 0000000000006300
0x000000000220e498:   0000000000000002 0000000020964258
0x000000000220e4a8:   000000003f4ccccd 0000000000000000
0x000000000220e4b8:   0000000000000000 0000000000000000
0x000000000220e4c8:   0000000000783300 0000000000006300
0x000000000220e4d8:   0000000100000000 0020000000000002
0x000000000220e4e8:   0000000019f74740 000000003f4ccccd
0x000000000220e4f8:   0000000000000000 0000000020964230 

Instructions: (pc=0x0000000071c5d649)
0x0000000071c5d629:   48 0f b7 42 01 8b 4a 03 48 8b 52 07 45 88 02 66
0x0000000071c5d639:   41 89 42 01 41 89 4a 03 49 89 52 07 49 8b c3 c3
0x0000000071c5d649:   f3 0f 6f 02 f3 41 0f 7f 02 49 8b c3 c3 66 66 0f
0x0000000071c5d659:   1f 84 00 00 00 00 00 66 66 66 90 66 66 90 49 81 


Register to memory mapping:

RAX=0x0000000071c5d649 is an unknown value
RBX=0x00000000259374a0 is an unknown value
RCX=0x0000000021a3b400 is an unknown value
RDX=0x00000000259374a0 is an unknown value
RSP=0x000000000220e408 is pointing into the stack for thread: 0x000000000228e000
RBP=0x0000000000006300 is an unknown value
RSI=0x0000000021a3b400 is an unknown value
RDI=0x0000000000000010 is an unknown value
R8 =0x0000000000000010 is an unknown value
R9 =0x0000000070510000 is an unknown value
R10=0x0000000021a3b400 is an unknown value
R11=0x0000000021a3b400 is an unknown value
R12=0x000000000000000f is an unknown value
R13=0x0000000000000000 is an unknown value
R14=0x0000000000000408 is an unknown value
R15=0x000000000220e608 is pointing into the stack for thread: 0x000000000228e000


Stack: [0x0000000002110000,0x0000000002210000],  sp=0x000000000220e408,  free space=1017k
Native frames: (J=compiled Java code, j=interpreted, Vv=VM code, C=native code)
C  [atio6axx.dll+0x174d649]
C  [atio6axx.dll+0xd455e5]
C  [atio6axx.dll+0xbe65f5]
C  [atio6axx.dll+0xb9f584]
C  [atio6axx.dll+0xb9eedb]
C  [atio6axx.dll+0xb79d5d]
C  [atio6axx.dll+0x1dd9c5]
C  [atio6axx.dll+0xa3f2e1]
C  0x000000000270ff5c

Java frames: (J=compiled Java code, j=interpreted, Vv=VM code)
J 455  org.lwjgl.opengl.GL15.nglBufferData(IJJIJ)V (0 bytes) @ 0x000000000270fed6 [0x000000000270fe80+0x56]
J 469 C1 org.lwjgl.opengl.GL15.glBufferData(ILjava/nio/FloatBuffer;I)V (38 bytes) @ 0x00000000027224bc [0x0000000002721ca0+0x81c]
J 448 C1 org.ninthworld.lowpoly.renderers.Loader.storeDataInAttributeList(II[F)V (47 bytes) @ 0x000000000270901c [0x0000000002707e20+0x11fc]
J 495 C1 org.ninthworld.lowpoly.renderers.Loader.loadToVao([F[F[F[I)Lorg/ninthworld/lowpoly/models/RawModel; (54 bytes) @ 0x000000000273a23c [0x0000000002739ca0+0x59c]
J 472 C2 org.ninthworld.lowpoly.terrain.ChunkEntity.generateChunkModel(Lorg/ninthworld/lowpoly/renderers/Loader;)V (257 bytes) @ 0x00000000027266f0 [0x00000000027264e0+0x210]
j  org.ninthworld.lowpoly.terrain.ChunkEntity.<init>(Lorg/ninthworld/lowpoly/renderers/Loader;Lorg/lwjgl/util/vector/Vector2f;)V+43
j  org.ninthworld.lowpoly.terrain.Terrain.<init>(Lorg/ninthworld/lowpoly/renderers/Loader;Ljava/util/Map;)V+85
j  org.ninthworld.lowpoly.engine.Main.main([Ljava/lang/String;)V+307
v  ~StubRoutines::call_stub
j  sun.reflect.NativeMethodAccessorImpl.invoke0(Ljava/lang/reflect/Method;Ljava/lang/Object;[Ljava/lang/Object;)Ljava/lang/Object;+0
j  sun.reflect.NativeMethodAccessorImpl.invoke(Ljava/lang/Object;[Ljava/lang/Object;)Ljava/lang/Object;+100
j  sun.reflect.DelegatingMethodAccessorImpl.invoke(Ljava/lang/Object;[Ljava/lang/Object;)Ljava/lang/Object;+6
j  java.lang.reflect.Method.invoke(Ljava/lang/Object;[Ljava/lang/Object;)Ljava/lang/Object;+56
j  com.intellij.rt.execution.application.AppMain.main([Ljava/lang/String;)V+180
v  ~StubRoutines::call_stub

---------------  P R O C E S S  ---------------

Java Threads: ( => current thread )
  0x0000000018a0c000 JavaThread "Monitor Ctrl-Break" daemon [_thread_in_native, id=8444, stack(0x0000000018ee0000,0x0000000018fe0000)]
  0x0000000018917000 JavaThread "Service Thread" daemon [_thread_blocked, id=10560, stack(0x0000000018ce0000,0x0000000018de0000)]
  0x0000000016ffd800 JavaThread "C1 CompilerThread2" daemon [_thread_blocked, id=3024, stack(0x00000000187e0000,0x00000000188e0000)]
  0x0000000016fdc800 JavaThread "C2 CompilerThread1" daemon [_thread_in_native, id=11872, stack(0x00000000186e0000,0x00000000187e0000)]
  0x0000000016f9e800 JavaThread "C2 CompilerThread0" daemon [_thread_blocked, id=11540, stack(0x00000000185e0000,0x00000000186e0000)]
  0x0000000016f9d000 JavaThread "Attach Listener" daemon [_thread_blocked, id=11676, stack(0x00000000184e0000,0x00000000185e0000)]
  0x0000000016f9b800 JavaThread "Signal Dispatcher" daemon [_thread_blocked, id=8840, stack(0x00000000183e0000,0x00000000184e0000)]
  0x0000000002407000 JavaThread "Finalizer" daemon [_thread_blocked, id=12040, stack(0x0000000018200000,0x0000000018300000)]
  0x00000000023fe000 JavaThread "Reference Handler" daemon [_thread_blocked, id=3108, stack(0x0000000018100000,0x0000000018200000)]
=>0x000000000228e000 JavaThread "main" [_thread_in_native, id=1080, stack(0x0000000002110000,0x0000000002210000)]

Other Threads:
  0x0000000016f67800 VMThread [stack: 0x0000000018000000,0x0000000018100000] [id=10704]
  0x000000001891b800 WatcherThread [stack: 0x0000000018de0000,0x0000000018ee0000] [id=3008]

VM state:not at safepoint (normal execution)

VM Mutex/Monitor currently owned by a thread: None

Heap:
 PSYoungGen      total 136704K, used 4780K [0x00000000d5b00000, 0x00000000e6700000, 0x0000000100000000)
  eden space 132096K, 0% used [0x00000000d5b00000,0x00000000d5bd6ac8,0x00000000ddc00000)
  from space 4608K, 85% used [0x00000000ddc00000,0x00000000ddfd4730,0x00000000de080000)
  to   space 5120K, 0% used [0x00000000e6200000,0x00000000e6200000,0x00000000e6700000)
 ParOldGen       total 87552K, used 2068K [0x0000000081000000, 0x0000000086580000, 0x00000000d5b00000)
  object space 87552K, 2% used [0x0000000081000000,0x0000000081205188,0x0000000086580000)
 Metaspace       used 4909K, capacity 5691K, committed 5888K, reserved 1056768K
  class space    used 456K, capacity 464K, committed 512K, reserved 1048576K

Card table byte_map: [0x00000000117d0000,0x0000000011bd0000] byte_map_base: 0x00000000113c8000

Marking Bits: (ParMarkBitMap*) 0x00000000769cf600
 Begin Bits: [0x0000000012280000, 0x0000000014240000)
 End Bits:   [0x0000000014240000, 0x0000000016200000)

Polling page: 0x00000000001f0000

CodeCache: size=245760Kb used=3261Kb max_used=3261Kb free=242498Kb
 bounds [0x0000000002410000, 0x0000000002750000, 0x0000000011410000]
 total_blobs=875 nmethods=504 adapters=284
 compilation: enabled

Compilation events (10 events):
Event: 1.004 Thread 0x0000000016ffd800  501       3       java.nio.DirectIntBufferU::put (157 bytes)
Event: 1.005 Thread 0x0000000016ffd800 nmethod 501 0x000000000273d750 code [0x000000000273d960, 0x000000000273e2a8]
Event: 1.005 Thread 0x0000000016ffd800  502       3       java.nio.DirectIntBufferU::order (19 bytes)
Event: 1.005 Thread 0x0000000016ffd800 nmethod 502 0x000000000273d2d0 code [0x000000000273d440, 0x000000000273d690]
Event: 1.005 Thread 0x0000000016ffd800  503       3       org.lwjgl.opengl.GL15::glBufferData (38 bytes)
Event: 1.010 Thread 0x0000000016ffd800 nmethod 503 0x000000000273fd10 code [0x000000000273ff60, 0x0000000002740c18]
Event: 1.010 Thread 0x0000000016ffd800  505       1       java.lang.ref.Reference::access$100 (4 bytes)
Event: 1.010 Thread 0x0000000016ffd800 nmethod 505 0x0000000002732750 code [0x00000000027328a0, 0x0000000002732990]
Event: 1.010 Thread 0x0000000016ffd800  504       3       org.lwjgl.BufferChecks::checkDirect (24 bytes)
Event: 1.010 Thread 0x0000000016ffd800 nmethod 504 0x000000000273cd50 code [0x000000000273cee0, 0x000000000273d1d8]

GC Heap History (10 events):
Event: 0.626 GC heap before
{Heap before GC invocations=3 (full 0):
 PSYoungGen      total 38400K, used 34890K [0x00000000d5b00000, 0x00000000da600000, 0x0000000100000000)
  eden space 33280K, 100% used [0x00000000d5b00000,0x00000000d7b80000,0x00000000d7b80000)
  from space 5120K, 31% used [0x00000000d8080000,0x00000000d8212950,0x00000000d8580000)
  to   space 5120K, 0% used [0x00000000d7b80000,0x00000000d7b80000,0x00000000d8080000)
 ParOldGen       total 87552K, used 16K [0x0000000081000000, 0x0000000086580000, 0x00000000d5b00000)
  object space 87552K, 0% used [0x0000000081000000,0x0000000081004000,0x0000000086580000)
 Metaspace       used 4892K, capacity 5691K, committed 5888K, reserved 1056768K
  class space    used 456K, capacity 464K, committed 512K, reserved 1048576K
Event: 0.635 GC heap after
Heap after GC invocations=3 (full 0):
 PSYoungGen      total 38400K, used 2009K [0x00000000d5b00000, 0x00000000da600000, 0x0000000100000000)
  eden space 33280K, 0% used [0x00000000d5b00000,0x00000000d5b00000,0x00000000d7b80000)
  from space 5120K, 39% used [0x00000000d7b80000,0x00000000d7d76440,0x00000000d8080000)
  to   space 5120K, 0% used [0x00000000da100000,0x00000000da100000,0x00000000da600000)
 ParOldGen       total 87552K, used 16K [0x0000000081000000, 0x0000000086580000, 0x00000000d5b00000)
  object space 87552K, 0% used [0x0000000081000000,0x0000000081004000,0x0000000086580000)
 Metaspace       used 4892K, capacity 5691K, committed 5888K, reserved 1056768K
  class space    used 456K, capacity 464K, committed 512K, reserved 1048576K
}
Event: 0.697 GC heap before
{Heap before GC invocations=4 (full 0):
 PSYoungGen      total 38400K, used 35289K [0x00000000d5b00000, 0x00000000da600000, 0x0000000100000000)
  eden space 33280K, 100% used [0x00000000d5b00000,0x00000000d7b80000,0x00000000d7b80000)
  from space 5120K, 39% used [0x00000000d7b80000,0x00000000d7d76440,0x00000000d8080000)
  to   space 5120K, 0% used [0x00000000da100000,0x00000000da100000,0x00000000da600000)
 ParOldGen       total 87552K, used 16K [0x0000000081000000, 0x0000000086580000, 0x00000000d5b00000)
  object space 87552K, 0% used [0x0000000081000000,0x0000000081004000,0x0000000086580000)
 Metaspace       used 4894K, capacity 5691K, committed 5888K, reserved 1056768K
  class space    used 456K, capacity 464K, committed 512K, reserved 1048576K
Event: 0.702 GC heap after
Heap after GC invocations=4 (full 0):
 PSYoungGen      total 71680K, used 2473K [0x00000000d5b00000, 0x00000000da600000, 0x0000000100000000)
  eden space 66560K, 0% used [0x00000000d5b00000,0x00000000d5b00000,0x00000000d9c00000)
  from space 5120K, 48% used [0x00000000da100000,0x00000000da36a450,0x00000000da600000)
  to   space 5120K, 0% used [0x00000000d9c00000,0x00000000d9c00000,0x00000000da100000)
 ParOldGen       total 87552K, used 16K [0x0000000081000000, 0x0000000086580000, 0x00000000d5b00000)
  object space 87552K, 0% used [0x0000000081000000,0x0000000081004000,0x0000000086580000)
 Metaspace       used 4894K, capacity 5691K, committed 5888K, reserved 1056768K
  class space    used 456K, capacity 464K, committed 512K, reserved 1048576K
}
Event: 0.803 GC heap before
{Heap before GC invocations=5 (full 0):
 PSYoungGen      total 71680K, used 69033K [0x00000000d5b00000, 0x00000000da600000, 0x0000000100000000)
  eden space 66560K, 100% used [0x00000000d5b00000,0x00000000d9c00000,0x00000000d9c00000)
  from space 5120K, 48% used [0x00000000da100000,0x00000000da36a450,0x00000000da600000)
  to   space 5120K, 0% used [0x00000000d9c00000,0x00000000d9c00000,0x00000000da100000)
 ParOldGen       total 87552K, used 16K [0x0000000081000000, 0x0000000086580000, 0x00000000d5b00000)
  object space 87552K, 0% used [0x0000000081000000,0x0000000081004000,0x0000000086580000)
 Metaspace       used 4897K, capacity 5691K, committed 5888K, reserved 1056768K
  class space    used 456K, capacity 464K, committed 512K, reserved 1048576K
Event: 0.806 GC heap after
Heap after GC invocations=5 (full 0):
 PSYoungGen      total 71680K, used 3322K [0x00000000d5b00000, 0x00000000de400000, 0x0000000100000000)
  eden space 66560K, 0% used [0x00000000d5b00000,0x00000000d5b00000,0x00000000d9c00000)
  from space 5120K, 64% used [0x00000000d9c00000,0x00000000d9f3e940,0x00000000da100000)
  to   space 3584K, 0% used [0x00000000de080000,0x00000000de080000,0x00000000de400000)
 ParOldGen       total 87552K, used 24K [0x0000000081000000, 0x0000000086580000, 0x00000000d5b00000)
  object space 87552K, 0% used [0x0000000081000000,0x0000000081006000,0x0000000086580000)
 Metaspace       used 4897K, capacity 5691K, committed 5888K, reserved 1056768K
  class space    used 456K, capacity 464K, committed 512K, reserved 1048576K
}
Event: 0.867 GC heap before
{Heap before GC invocations=6 (full 0):
 PSYoungGen      total 71680K, used 69882K [0x00000000d5b00000, 0x00000000de400000, 0x0000000100000000)
  eden space 66560K, 100% used [0x00000000d5b00000,0x00000000d9c00000,0x00000000d9c00000)
  from space 5120K, 64% used [0x00000000d9c00000,0x00000000d9f3e940,0x00000000da100000)
  to   space 3584K, 0% used [0x00000000de080000,0x00000000de080000,0x00000000de400000)
 ParOldGen       total 87552K, used 24K [0x0000000081000000, 0x0000000086580000, 0x00000000d5b00000)
  object space 87552K, 0% used [0x0000000081000000,0x0000000081006000,0x0000000086580000)
 Metaspace       used 4902K, capacity 5691K, committed 5888K, reserved 1056768K
  class space    used 456K, capacity 464K, committed 512K, reserved 1048576K
Event: 0.869 GC heap after
Heap after GC invocations=6 (full 0):
 PSYoungGen      total 135680K, used 3558K [0x00000000d5b00000, 0x00000000de600000, 0x0000000100000000)
  eden space 132096K, 0% used [0x00000000d5b00000,0x00000000d5b00000,0x00000000ddc00000)
  from space 3584K, 99% used [0x00000000de080000,0x00000000de3f98a8,0x00000000de400000)
  to   space 4608K, 0% used [0x00000000ddc00000,0x00000000ddc00000,0x00000000de080000)
 ParOldGen       total 87552K, used 712K [0x0000000081000000, 0x0000000086580000, 0x00000000d5b00000)
  object space 87552K, 0% used [0x0000000081000000,0x00000000810b2000,0x0000000086580000)
 Metaspace       used 4902K, capacity 5691K, committed 5888K, reserved 1056768K
  class space    used 456K, capacity 464K, committed 512K, reserved 1048576K
}
Event: 1.005 GC heap before
{Heap before GC invocations=7 (full 0):
 PSYoungGen      total 135680K, used 135654K [0x00000000d5b00000, 0x00000000de600000, 0x0000000100000000)
  eden space 132096K, 100% used [0x00000000d5b00000,0x00000000ddc00000,0x00000000ddc00000)
  from space 3584K, 99% used [0x00000000de080000,0x00000000de3f98a8,0x00000000de400000)
  to   space 4608K, 0% used [0x00000000ddc00000,0x00000000ddc00000,0x00000000de080000)
 ParOldGen       total 87552K, used 712K [0x0000000081000000, 0x0000000086580000, 0x00000000d5b00000)
  object space 87552K, 0% used [0x0000000081000000,0x00000000810b2000,0x0000000086580000)
 Metaspace       used 4909K, capacity 5691K, committed 5888K, reserved 1056768K
  class space    used 456K, capacity 464K, committed 512K, reserved 1048576K
Event: 1.009 GC heap after
Heap after GC invocations=7 (full 0):
 PSYoungGen      total 136704K, used 3921K [0x00000000d5b00000, 0x00000000e6700000, 0x0000000100000000)
  eden space 132096K, 0% used [0x00000000d5b00000,0x00000000d5b00000,0x00000000ddc00000)
  from space 4608K, 85% used [0x00000000ddc00000,0x00000000ddfd4730,0x00000000de080000)
  to   space 5120K, 0% used [0x00000000e6200000,0x00000000e6200000,0x00000000e6700000)
 ParOldGen       total 87552K, used 2068K [0x0000000081000000, 0x0000000086580000, 0x00000000d5b00000)
  object space 87552K, 2% used [0x0000000081000000,0x0000000081205188,0x0000000086580000)
 Metaspace       used 4909K, capacity 5691K, committed 5888K, reserved 1056768K
  class space    used 456K, capacity 464K, committed 512K, reserved 1048576K
}

Deoptimization events (4 events):
Event: 0.368 Thread 0x000000000228e000 Uncommon trap: reason=unstable_if action=reinterpret pc=0x00000000025f3bbc method=java.util.regex.Pattern$Start.match(Ljava/util/regex/Matcher;ILjava/lang/CharSequence;)Z @ 10
Event: 0.368 Thread 0x000000000228e000 Uncommon trap: reason=unstable_if action=reinterpret pc=0x00000000025ec7b8 method=java.io.BufferedReader.readLine(Z)Ljava/lang/String; @ 55
Event: 0.395 Thread 0x000000000228e000 Uncommon trap: reason=predicate action=maybe_recompile pc=0x000000000260e4ec method=java.util.AbstractCollection.toArray([Ljava/lang/Object;)[Ljava/lang/Object; @ 49
Event: 0.469 Thread 0x000000000228e000 Uncommon trap: reason=unstable_if action=reinterpret pc=0x0000000002632b04 method=org.ninthworld.lowpoly.helper.SimplexNoise.fastfloor(D)I @ 7

Internal exceptions (2 events):
Event: 0.028 Thread 0x000000000228e000 Exception <a 'java/lang/NoSuchMethodError': Method sun.misc.Unsafe.defineClass(Ljava/lang/String;[BII)Ljava/lang/Class; name or signature does not match> (0x00000000d5b0de70) thrown at [C:\re\workspace\8-2-build-windows-amd64-cygwin\jdk8u71\5731\hotspot\sreÅ8
Event: 0.028 Thread 0x000000000228e000 Exception <a 'java/lang/NoSuchMethodError': Method sun.misc.Unsafe.prefetchRead(Ljava/lang/Object;J)V name or signature does not match> (0x00000000d5b0e158) thrown at [C:\re\workspace\8-2-build-windows-amd64-cygwin\jdk8u71\5731\hotspot\src\share\vm\prims\j

Events (10 events):
Event: 0.999 Thread 0x000000000228e000 DEOPT PACKING pc=0x00000000026c0248 sp=0x000000000220e8c0
Event: 0.999 Thread 0x000000000228e000 DEOPT UNPACKING pc=0x000000000245787f sp=0x000000000220e8f8 mode 0
Event: 1.001 Thread 0x000000000228e000 DEOPT PACKING pc=0x00000000026c0248 sp=0x000000000220e8c0
Event: 1.001 Thread 0x000000000228e000 DEOPT UNPACKING pc=0x000000000245787f sp=0x000000000220e8f8 mode 0
Event: 1.002 Thread 0x000000000228e000 DEOPT PACKING pc=0x00000000026c0248 sp=0x000000000220e8c0
Event: 1.002 Thread 0x000000000228e000 DEOPT UNPACKING pc=0x000000000245787f sp=0x000000000220e8f8 mode 0
Event: 1.003 Thread 0x000000000228e000 DEOPT PACKING pc=0x00000000026c0248 sp=0x000000000220e8c0
Event: 1.003 Thread 0x000000000228e000 DEOPT UNPACKING pc=0x000000000245787f sp=0x000000000220e8f8 mode 0
Event: 1.005 Executing VM operation: ParallelGCFailedAllocation
Event: 1.009 Executing VM operation: ParallelGCFailedAllocation done


Dynamic libraries:
0x00007ff6fea90000 - 0x00007ff6feac7000 	C:\Program Files\Java\jdk1.8.0_71\bin\java.exe
0x00007ffa41390000 - 0x00007ffa41551000 	C:\Windows\SYSTEM32\ntdll.dll
0x00007ffa40fe0000 - 0x00007ffa4108d000 	C:\Windows\system32\KERNEL32.DLL
0x00007ffa3dd80000 - 0x00007ffa3df68000 	C:\Windows\system32\KERNELBASE.dll
0x00007ffa3fdd0000 - 0x00007ffa3fe77000 	C:\Windows\system32\ADVAPI32.dll
0x00007ffa3e790000 - 0x00007ffa3e82d000 	C:\Windows\system32\msvcrt.dll
0x00007ffa40f20000 - 0x00007ffa40f7b000 	C:\Windows\system32\sechost.dll
0x00007ffa40150000 - 0x00007ffa4026c000 	C:\Windows\system32\RPCRT4.dll
0x00007ffa40dc0000 - 0x00007ffa40f16000 	C:\Windows\system32\USER32.dll
0x00007ffa411f0000 - 0x00007ffa41376000 	C:\Windows\system32\GDI32.dll
0x00007ffa34270000 - 0x00007ffa344e4000 	C:\Windows\WinSxS\amd64_microsoft.windows.common-controls_6595b64144ccf1df_6.0.10586.0_none_8c15ae12515e1c22\COMCTL32.dll
0x00007ffa40b00000 - 0x00007ffa40d7d000 	C:\Windows\system32\combase.dll
0x00007ffa3db20000 - 0x00007ffa3db8a000 	C:\Windows\system32\bcryptPrimitives.dll
0x00007ffa40d80000 - 0x00007ffa40dbb000 	C:\Windows\system32\IMM32.DLL
0x0000000075d70000 - 0x0000000075e42000 	C:\Program Files\Java\jdk1.8.0_71\jre\bin\msvcr100.dll
0x00000000761c0000 - 0x0000000076a4f000 	C:\Program Files\Java\jdk1.8.0_71\jre\bin\server\jvm.dll
0x00007ffa41380000 - 0x00007ffa41388000 	C:\Windows\system32\PSAPI.DLL
0x00007ffa326f0000 - 0x00007ffa326f9000 	C:\Windows\SYSTEM32\WSOCK32.dll
0x00007ffa3bcf0000 - 0x00007ffa3bd13000 	C:\Windows\SYSTEM32\WINMM.dll
0x00007ffa396f0000 - 0x00007ffa396fa000 	C:\Windows\SYSTEM32\VERSION.dll
0x00007ffa40a90000 - 0x00007ffa40afb000 	C:\Windows\system32\WS2_32.dll
0x00007ffa3bbd0000 - 0x00007ffa3bbfc000 	C:\Windows\SYSTEM32\WINMMBASE.dll
0x00007ffa3dad0000 - 0x00007ffa3db13000 	C:\Windows\system32\cfgmgr32.dll
0x0000000050090000 - 0x000000005009f000 	C:\Program Files\Java\jdk1.8.0_71\jre\bin\verify.dll
0x0000000050060000 - 0x0000000050089000 	C:\Program Files\Java\jdk1.8.0_71\jre\bin\java.dll
0x0000000050040000 - 0x0000000050056000 	C:\Program Files\Java\jdk1.8.0_71\jre\bin\zip.dll
0x00007ffa3e840000 - 0x00007ffa3fd9c000 	C:\Windows\system32\SHELL32.dll
0x00007ffa3e140000 - 0x00007ffa3e784000 	C:\Windows\system32\windows.storage.dll
0x00007ffa40880000 - 0x00007ffa408d2000 	C:\Windows\system32\shlwapi.dll
0x00007ffa3da10000 - 0x00007ffa3da1f000 	C:\Windows\system32\kernel.appcore.dll
0x00007ffa3df70000 - 0x00007ffa3e025000 	C:\Windows\system32\shcore.dll
0x00007ffa3d9c0000 - 0x00007ffa3da0b000 	C:\Windows\system32\powrprof.dll
0x00007ffa3da20000 - 0x00007ffa3da34000 	C:\Windows\system32\profapi.dll
0x00007ffa38410000 - 0x00007ffa38420000 	C:\Program Files (x86)\JetBrains\IntelliJ IDEA Community Edition 2016.1\bin\breakgen64.dll
0x0000000050020000 - 0x000000005003a000 	C:\Program Files\Java\jdk1.8.0_71\jre\bin\net.dll
0x00007ffa3d2e0000 - 0x00007ffa3d33c000 	C:\Windows\system32\mswsock.dll
0x0000000180000000 - 0x0000000180051000 	C:\Users\NinthWorld\IdeaProjects\LowPoly\lib\native\windows\lwjgl64.dll
0x00007ffa2f750000 - 0x00007ffa2f879000 	C:\Windows\SYSTEM32\OPENGL32.dll
0x00007ffa38450000 - 0x00007ffa3847e000 	C:\Windows\SYSTEM32\GLU32.dll
0x00007ffa2f330000 - 0x00007ffa2f42a000 	C:\Windows\SYSTEM32\DDRAW.dll
0x00007ffa38540000 - 0x00007ffa38548000 	C:\Windows\SYSTEM32\DCIMAN32.dll
0x00007ffa3c330000 - 0x00007ffa3c3c6000 	C:\Windows\system32\uxtheme.dll
0x00007ffa41090000 - 0x00007ffa411ea000 	C:\Windows\system32\MSCTF.dll
0x00007ffa3b940000 - 0x00007ffa3b962000 	C:\Windows\system32\dwmapi.dll
0x00007ffa35c20000 - 0x00007ffa35c38000 	C:\Windows\SYSTEM32\atig6pxx.dll
0x0000000070510000 - 0x00000000722b3000 	C:\Windows\SYSTEM32\atio6axx.dll
0x00007ffa40450000 - 0x00007ffa40879000 	C:\Windows\system32\SETUPAPI.dll
0x00007ffa2ba30000 - 0x00007ffa2bb78000 	C:\Windows\SYSTEM32\atiadlxx.dll
0x00007ffa40000000 - 0x00007ffa40143000 	C:\Windows\system32\ole32.dll
0x00007ffa3b970000 - 0x00007ffa3baf6000 	C:\Windows\SYSTEM32\PROPSYS.dll
0x00007ffa3d170000 - 0x00007ffa3d18f000 	C:\Windows\SYSTEM32\USERENV.dll
0x00007ffa3bb20000 - 0x00007ffa3bb33000 	C:\Windows\SYSTEM32\WTSAPI32.dll
0x00007ffa40270000 - 0x00007ffa40331000 	C:\Windows\system32\OLEAUT32.dll
0x00007ffa3a4a0000 - 0x00007ffa3a4d8000 	C:\Windows\SYSTEM32\IPHLPAPI.DLL
0x00007ffa3c480000 - 0x00007ffa3c4a7000 	C:\Windows\SYSTEM32\DEVOBJ.dll
0x00007ffa3e030000 - 0x00007ffa3e085000 	C:\Windows\system32\WINTRUST.dll
0x00007ffa3d9b0000 - 0x00007ffa3d9c0000 	C:\Windows\system32\MSASN1.dll
0x00007ffa3db90000 - 0x00007ffa3dd58000 	C:\Windows\system32\CRYPT32.dll
0x00007ffa2b9a0000 - 0x00007ffa2b9cc000 	C:\Windows\SYSTEM32\atig6txx.dll
0x00007ffa17500000 - 0x00007ffa17591000 	C:\Windows\SYSTEM32\mscms.dll
0x00007ffa29670000 - 0x00007ffa296b2000 	C:\Windows\SYSTEM32\icm32.dll
0x00007ffa17640000 - 0x00007ffa177cc000 	C:\Windows\SYSTEM32\dbghelp.dll

VM Arguments:
jvm_args: -Djava.library.path=./lib/native/windows/ -Didea.launcher.port=7564 -Didea.launcher.bin.path=C:\Program Files (x86)\JetBrains\IntelliJ IDEA Community Edition 2016.1\bin -Dfile.encoding=UTF-8 
java_command: com.intellij.rt.execution.application.AppMain org.ninthworld.lowpoly.engine.Main
java_class_path (initial): C:\Program Files\Java\jdk1.8.0_71\jre\lib\charsets.jar;C:\Program Files\Java\jdk1.8.0_71\jre\lib\deploy.jar;C:\Program Files\Java\jdk1.8.0_71\jre\lib\ext\access-bridge-64.jar;C:\Program Files\Java\jdk1.8.0_71\jre\lib\ext\cldrdata.jar;C:\Program Files\Java\jdk1.8.0_71\jre\lib\ext\dnsns.jar;C:\Program Files\Java\jdk1.8.0_71\jre\lib\ext\jaccess.jar;C:\Program Files\Java\jdk1.8.0_71\jre\lib\ext\jfxrt.jar;C:\Program Files\Java\jdk1.8.0_71\jre\lib\ext\localedata.jar;C:\Program Files\Java\jdk1.8.0_71\jre\lib\ext\nashorn.jar;C:\Program Files\Java\jdk1.8.0_71\jre\lib\ext\sunec.jar;C:\Program Files\Java\jdk1.8.0_71\jre\lib\ext\sunjce_provider.jar;C:\Program Files\Java\jdk1.8.0_71\jre\lib\ext\sunmscapi.jar;C:\Program Files\Java\jdk1.8.0_71\jre\lib\ext\sunpkcs11.jar;C:\Program Files\Java\jdk1.8.0_71\jre\lib\ext\zipfs.jar;C:\Program Files\Java\jdk1.8.0_71\jre\lib\javaws.jar;C:\Program Files\Java\jdk1.8.0_71\jre\lib\jce.jar;C:\Program Files\Java\jdk1.8.0_71\jre\lib\jfr.jar;C:\Program Files\Java\jdk1.8.0_71\jre\lib\jfxswt.jar;C:\Program Files\Java\jdk1.8.0_71\jre\lib\jsse.jar;C:\Program Files\Java\jdk1.8.0_71\jre\lib\management-agent.jar;C:\Program Files\Java\jdk1.8.0_71\jre\lib\plugin.jar;C:\Program Files\Java\jdk1.8.0_71\jre\lib\resources.jar;C:\Program Files\Java\jdk1.8.0_71\jre\lib\rt.jar;C:\Users\NinthWorld\IdeaProjects\LowPoly\out\production\LowPoly;C:\Users\NinthWorld\IdeaProjects\LowPoly\lib\lwjgl.jar;C:\Users\NinthWorld\IdeaProjects\LowPoly\lib\lwjgl_util.jar;C:\Users\NinthWorld\IdeaProjects\LowPoly\lib\slick.jar;C:\Users\NinthWorld\IdeaProjects\LowPoly\lib\PNGDecoder.jar;C:\Program Files (x86)\JetBrains\IntelliJ IDEA Community Edition 2016.1\lib\idea_rt.jar
Launcher Type: SUN_STANDARD

Environment Variables:
PATH=C:\Program Files\ImageMagick-6.9.3-Q16;C:\ProgramData\Oracle\Java\javapath;C:\Windows\system32;C:\Windows;C:\Windows\System32\Wbem;C:\Windows\System32\WindowsPowerShell\v1.0\;C:\Program Files (x86)\ATI Technologies\ATI.ACE\Core-Static;C:\Program Files (x86)\Skype\Phone\;C:\Program Files (x86)\Tesseract-OCR;C:\Program Files (x86)\CMake\bin;C:\Program Files\Git\cmd;C:\Users\NinthWorld\AppData\Local\atom\bin
USERNAME=NinthWorld
OS=Windows_NT
PROCESSOR_IDENTIFIER=Intel64 Family 6 Model 60 Stepping 3, GenuineIntel



---------------  S Y S T E M  ---------------

OS: Windows 10.0 , 64 bit Build 10586 (10.0.10586.0)

CPU:total 4 (4 cores per cpu, 1 threads per core) family 6 model 60 stepping 3, cmov, cx8, fxsr, mmx, sse, sse2, sse3, ssse3, sse4.1, sse4.2, popcnt, avx, avx2, aes, clmul, erms, lzcnt, tsc, tscinvbit, bmi1, bmi2

Memory: 4k page, physical 8322232k(2823696k free), swap 13565112k(4542504k free)

vm_info: Java HotSpot(TM) 64-Bit Server VM (25.71-b15) for windows-amd64 JRE (1.8.0_71-b15), built on Dec 22 2015 18:15:55 by "java_re" with MS VC++ 10.0 (VS2010)

time: Thu Jun 16 01:44:21 2016
elapsed time: 1 seconds (0d 0h 0m 1s)

